<?xml version="1.0" encoding="UTF-8"?>
<testsuite xmlns:xsi="http://www.w3.org/2001/XMLSchema-instance" xsi:noNamespaceSchemaLocation="https://maven.apache.org/surefire/maven-surefire-plugin/xsd/surefire-test-report-3.0.xsd" version="3.0" name="neoflix._04_ConstraintErrorTest" time="2.812" tests="2" errors="0" skipped="0" failures="0">
  <properties>
[...]
</properties>
  <testcase name="findUniqueConstraint" classname="neoflix._04_ConstraintErrorTest" time="0.301"/>
  <testcase name="checkConstraintWithDuplicateUser" classname="neoflix._04_ConstraintErrorTest" time="1.679"/>
</testsuite>